<?xml version="1.0" encoding="UTF-8"?>
<!-- Generated by org.testng.reporters.JUnitReportReporter -->
<testsuite hostname="Pardeeps-MacBook-Pro.local" failures="0" tests="1" name="MavenDemo.endToEnd" time="21.704" errors="0" timestamp="2024-12-06T14:16:58 IST" skipped="0">
  <testcase classname="MavenDemo.endToEnd" name="entToEndTest" time="21.704"/>
</testsuite> <!-- MavenDemo.endToEnd -->
