<?xml version="1.0" encoding="UTF-8"?>
<!-- Generated by org.testng.reporters.JUnitReportReporter -->
<testsuite hostname="Pardeeps-MacBook-Pro.local" failures="0" tests="3" name="MavenDemo.LoginErrorValidation" time="12.224" errors="0" timestamp="2024-12-06T16:34:30 IST" skipped="0">
  <testcase classname="MavenDemo.LoginErrorValidation" name="loginWithIncorectPassword" time="3.816"/>
  <testcase classname="MavenDemo.LoginErrorValidation" name="loginWithIncorectEmailAndPassword" time="4.735"/>
  <testcase classname="MavenDemo.LoginErrorValidation" name="loginWithIncorectEmail" time="3.673"/>
</testsuite> <!-- MavenDemo.LoginErrorValidation -->
