<?xml version="1.0" encoding="UTF-8"?>
<!-- Generated by org.testng.reporters.JUnitReportReporter -->
<testsuite hostname="Pardeeps-MacBook-Air.local" failures="0" tests="1" name="MavenDemo.endToEnd" time="15.471" errors="0" timestamp="2025-07-01T13:39:12 IST" skipped="0">
  <testcase classname="MavenDemo.endToEnd" name="entToEndTest" time="15.471"/>
</testsuite> <!-- MavenDemo.endToEnd -->
