<?xml version="1.0" encoding="UTF-8"?>
<!-- Generated by org.testng.reporters.JUnitReportReporter -->
<testsuite hostname="Pardeeps-MacBook-Air.local" failures="0" tests="3" name="MavenDemo.LoginErrorValidation" time="2.425" errors="0" timestamp="2025-07-01T13:25:46 IST" skipped="0">
  <testcase classname="MavenDemo.LoginErrorValidation" name="loginWithIncorectEmailAndPassword" time="0.817"/>
  <testcase classname="MavenDemo.LoginErrorValidation" name="loginWithIncorectEmail" time="0.809"/>
  <testcase classname="MavenDemo.LoginErrorValidation" name="loginWithIncorectPassword" time="0.799"/>
</testsuite> <!-- MavenDemo.LoginErrorValidation -->
